<?xml version="1.0" encoding="UTF-8"?>
<!-- Generated by org.testng.reporters.JUnitXMLReporter -->
<testsuite ignored="0" hostname="DESKTOP-MGJR4EM" failures="0" tests="5" name="Command line test" time="0.045" errors="0" timestamp="27 Jun 2021 19:53:55 GMT">
  <testcase classname="HenekeyGroup.DealerCenter.AppiumTest" name="Browser" time="0.008"/>
  <testcase classname="HenekeyGroup.DealerCenter.AppiumTest" name="leaveBrowser" time="0.001"/>
  <testcase classname="HenekeyGroup.DealerCenter.AppTest" name="shouldAnswerWithTrue" time="0.001"/>
  <testcase classname="HenekeyGroup.DealerCenter.SeleniumTest" name="BrowserAutomation" time="0.002"/>
  <testcase classname="HenekeyGroup.DealerCenter.SeleniumTest" name="elementsId" time="0.0"/>
</testsuite> <!-- Command line test -->
