<?xml version="1.0" encoding="UTF-8"?>
<!-- Generated by org.testng.reporters.JUnitXMLReporter -->
<testsuite ignored="0" hostname="DESKTOP-MGJR4EM" failures="0" tests="3" name="Test" time="0.038" errors="0" timestamp="27 Jun 2021 18:53:23 GMT">
  <testcase classname="HenekeyGroup.DealerCenter.AppTest" name="shouldAnswerWithTrue" time="0.008"/>
  <testcase classname="HenekeyGroup.DealerCenter.SeleniumTest" name="BrowserAutomation" time="0.0"/>
  <testcase classname="HenekeyGroup.DealerCenter.SeleniumTest" name="elementsId" time="0.0"/>
</testsuite> <!-- Test -->
