<?xml version="1.0" encoding="UTF-8"?>
<testng-results ignored="0" total="5" passed="5" failed="0" skipped="0">
  <reporter-output>
  </reporter-output>
  <suite started-at="2021-06-27T19:53:55Z" name="Command line suite" finished-at="2021-06-27T19:53:55Z" duration-ms="45">
    <groups>
    </groups>
    <test started-at="2021-06-27T19:53:55Z" name="Command line test" finished-at="2021-06-27T19:53:55Z" duration-ms="45">
      <class name="HenekeyGroup.DealerCenter.AppiumTest">
        <test-method signature="Browser()[pri:0, instance:HenekeyGroup.DealerCenter.AppiumTest@7b69c6ba]" started-at="2021-06-27T19:53:55Z" name="Browser" finished-at="2021-06-27T19:53:55Z" duration-ms="8" status="PASS">
          <reporter-output>
          </reporter-output>
        </test-method> <!-- Browser -->
        <test-method signature="leaveBrowser()[pri:0, instance:HenekeyGroup.DealerCenter.AppiumTest@7b69c6ba]" started-at="2021-06-27T19:53:55Z" name="leaveBrowser" finished-at="2021-06-27T19:53:55Z" duration-ms="1" status="PASS">
          <reporter-output>
          </reporter-output>
        </test-method> <!-- leaveBrowser -->
      </class> <!-- HenekeyGroup.DealerCenter.AppiumTest -->
      <class name="HenekeyGroup.DealerCenter.SeleniumTest">
        <test-method signature="BrowserAutomation()[pri:0, instance:HenekeyGroup.DealerCenter.SeleniumTest@12f41634]" started-at="2021-06-27T19:53:55Z" name="BrowserAutomation" finished-at="2021-06-27T19:53:55Z" duration-ms="2" status="PASS">
          <reporter-output>
          </reporter-output>
        </test-method> <!-- BrowserAutomation -->
        <test-method signature="elementsId()[pri:0, instance:HenekeyGroup.DealerCenter.SeleniumTest@12f41634]" started-at="2021-06-27T19:53:55Z" name="elementsId" finished-at="2021-06-27T19:53:55Z" duration-ms="0" status="PASS">
          <reporter-output>
          </reporter-output>
        </test-method> <!-- elementsId -->
      </class> <!-- HenekeyGroup.DealerCenter.SeleniumTest -->
      <class name="HenekeyGroup.DealerCenter.AppTest">
        <test-method signature="shouldAnswerWithTrue()[pri:0, instance:HenekeyGroup.DealerCenter.AppTest@46daef40]" started-at="2021-06-27T19:53:55Z" name="shouldAnswerWithTrue" finished-at="2021-06-27T19:53:55Z" duration-ms="1" status="PASS">
          <reporter-output>
          </reporter-output>
        </test-method> <!-- shouldAnswerWithTrue -->
      </class> <!-- HenekeyGroup.DealerCenter.AppTest -->
    </test> <!-- Command line test -->
  </suite> <!-- Command line suite -->
</testng-results>
